18:09:05.471 [main] INFO  - Go to my account-->Click on Login.. 
18:09:06.063 [main] INFO  - Entering email and password.. 
18:09:06.449 [main] INFO  - clicked on login button...
18:14:31.296 [main] INFO  - Go to my account-->Click on Login.. 
18:14:31.929 [main] INFO  - Entering email and password.. 
18:14:32.350 [main] INFO  - clicked on login button...
18:18:47.553 [main] INFO  - Go to my account-->Click on Login.. 
18:18:48.166 [main] INFO  - Entering email and password.. 
18:18:48.517 [main] INFO  - clicked on login button...
18:23:24.771 [main] INFO  - Go to my account-->Click on Login.. 
18:23:25.435 [main] INFO  - Entering email and password.. 
18:23:25.814 [main] INFO  - clicked on login button...
14:04:01.564 [main] INFO  - Go to my account-->Click on Login.. 
14:04:02.275 [main] INFO  - Entering email and password.. 
14:04:02.678 [main] INFO  - clicked on login button...
14:04:10.537 [main] INFO  - Go to my account-->Click on Login.. 
14:04:11.188 [main] INFO  - Entering email and password.. 
14:04:11.689 [main] INFO  - clicked on login button...
14:15:49.538 [main] INFO  - Go to my account-->Click on Login.. 
14:15:50.190 [main] INFO  - Entering email and password.. 
14:15:50.540 [main] INFO  - clicked on login button...
14:15:56.147 [main] INFO  - Go to my account-->Click on Login.. 
14:15:56.744 [main] INFO  - Entering email and password.. 
14:15:57.107 [main] INFO  - clicked on login button...
17:01:55.474 [main] INFO  - Go to my account-->Click on Login.. 
17:02:02.738 [main] INFO  - Go to my account-->Click on Login.. 
17:02:08.784 [main] INFO  - Go to my account-->Click on Login.. 
17:02:14.790 [main] INFO  - Go to my account-->Click on Login.. 
17:02:20.762 [main] INFO  - Go to my account-->Click on Login.. 
17:13:19.911 [main] INFO  - Go to my account-->Click on Login.. 
17:13:20.753 [main] DEBUG - Parsing relationship: /xl/_rels/workbook.xml.rels
17:13:20.757 [main] DEBUG - Parsing relationship: /xl/worksheets/_rels/sheet1.xml.rels
17:13:20.759 [main] DEBUG - Parsing relationship: /_rels/.rels
17:13:20.976 [main] TRACE - Loading type system org.apache.poi.schemas.ooxml.system.ooxml
17:13:20.979 [main] TRACE - Loading type system org.apache.xmlbeans.metadata.system.sXMLCONFIG
17:13:20.980 [main] TRACE - Loading type system org.apache.xmlbeans.metadata.system.sXMLLANG
17:13:20.981 [main] TRACE - Loading type system org.apache.xmlbeans.metadata.system.sXMLSCHEMA
17:13:20.982 [main] TRACE - Loading type system org.apache.xmlbeans.metadata.system.sXMLTOOLS
17:13:20.983 [main] TRACE - Reading unresolved handles for type system org.apache.xmlbeans.metadata.system.sXMLTOOLS
17:13:20.994 [main] TRACE - Finished loading type system org.apache.xmlbeans.metadata.system.sXMLTOOLS
17:13:20.995 [main] TRACE - Reading unresolved handles for type system org.apache.xmlbeans.metadata.system.sXMLSCHEMA
17:13:21.001 [main] TRACE - Finished loading type system org.apache.xmlbeans.metadata.system.sXMLSCHEMA
17:13:21.002 [main] TRACE - Reading unresolved handles for type system org.apache.xmlbeans.metadata.system.sXMLLANG
17:13:21.003 [main] TRACE - Finished loading type system org.apache.xmlbeans.metadata.system.sXMLLANG
17:13:21.004 [main] TRACE - Reading unresolved handles for type system org.apache.xmlbeans.metadata.system.sXMLCONFIG
17:13:21.006 [main] TRACE - Finished loading type system org.apache.xmlbeans.metadata.system.sXMLCONFIG
17:13:21.007 [main] TRACE - Reading unresolved handles for type system org.apache.poi.schemas.ooxml.system.ooxml
17:13:21.078 [main] TRACE - Finished loading type system org.apache.poi.schemas.ooxml.system.ooxml
17:13:21.079 [main] TRACE - Resolving type for handle themefd26doctype
17:13:21.143 [main] TRACE - Resolving type for handle stylesheet5d8bdoctype
17:13:21.151 [main] TRACE - Resolving type for handle ctstylesheet4257type
17:13:21.157 [main] TRACE - Resolving type for handle ctfonts6623type
17:13:21.162 [main] TRACE - Resolving type for handle ctfont14d8type
17:13:21.171 [main] TRACE - Resolving type for handle ctfills2c6ftype
17:13:21.174 [main] TRACE - Resolving type for handle ctfill550ctype
17:13:21.177 [main] TRACE - Resolving type for handle ctborders0d66type
17:13:21.181 [main] TRACE - Resolving type for handle ctborderf935type
17:13:21.186 [main] TRACE - Resolving type for handle ctcellxfs1322type
17:13:21.191 [main] TRACE - Resolving type for handle ctxf97f7type
17:13:21.194 [main] TRACE - Resolving type for handle ctcellstylexfsa81ftype
17:13:21.197 [main] TRACE - Resolving type for handle ctdxfsb26atype
17:13:21.201 [main] TRACE - Resolving type for handle cttablestyles872ftype
17:13:21.206 [main] TRACE - Resolving type for handle sstf81fdoctype
17:13:21.212 [main] TRACE - Resolving type for handle ctsst44f3type
17:13:21.239 [main] TRACE - Resolving type for handle ctrsta472type
17:13:21.275 [main] DEBUG - using default POIXMLDocumentPart for http://schemas.openxmlformats.org/officeDocument/2006/relationships/printerSettings
17:13:21.276 [main] TRACE - Resolving type for handle workbookec17doctype
17:13:21.282 [main] TRACE - Resolving type for handle ctworkbook83c3type
17:13:21.293 [main] TRACE - Resolving type for handle ctsheets49fdtype
17:13:21.296 [main] TRACE - Resolving type for handle ctsheet4dbetype
17:13:21.298 [main] TRACE - Resolving type for handle strelationshipid1e94type
17:13:21.301 [main] TRACE - Resolving type for handle worksheetf539doctype
17:13:21.308 [main] TRACE - Resolving type for handle ctworksheet530dtype
17:13:21.320 [main] TRACE - Resolving type for handle ctcols627ctype
17:13:21.325 [main] TRACE - Resolving type for handle ctcola95ftype
17:13:21.343 [main] TRACE - Resolving type for handle ctsheetdata8408type
17:13:21.347 [main] TRACE - Resolving type for handle ctrowdd39type
17:13:21.353 [main] TRACE - Resolving type for handle ctcell842btype
17:13:21.366 [main] TRACE - Resolving type for handle stcellrefe4e0type
17:13:21.374 [main] TRACE - Resolving type for handle cthyperlinks6416type
17:13:21.379 [main] TRACE - Resolving type for handle cthyperlink0c85type
17:13:21.387 [main] TRACE - Resolving type for handle stxstringf179type
17:13:21.390 [main] TRACE - Resolving type for handle stcelltypebf95type
17:13:28.403 [main] INFO  - Go to my account-->Click on Login.. 
17:13:29.140 [main] DEBUG - Parsing relationship: /xl/_rels/workbook.xml.rels
17:13:29.142 [main] DEBUG - Parsing relationship: /xl/worksheets/_rels/sheet1.xml.rels
17:13:29.144 [main] DEBUG - Parsing relationship: /_rels/.rels
17:13:29.167 [main] DEBUG - using default POIXMLDocumentPart for http://schemas.openxmlformats.org/officeDocument/2006/relationships/printerSettings
17:13:44.164 [main] INFO  - Go to my account-->Click on Login.. 
17:13:44.769 [main] DEBUG - Parsing relationship: /xl/_rels/workbook.xml.rels
17:13:44.776 [main] DEBUG - Parsing relationship: /xl/worksheets/_rels/sheet1.xml.rels
17:13:44.783 [main] DEBUG - Parsing relationship: /_rels/.rels
17:13:44.800 [main] DEBUG - using default POIXMLDocumentPart for http://schemas.openxmlformats.org/officeDocument/2006/relationships/printerSettings
17:13:51.094 [main] INFO  - Go to my account-->Click on Login.. 
17:13:51.720 [main] DEBUG - Parsing relationship: /xl/_rels/workbook.xml.rels
17:13:51.729 [main] DEBUG - Parsing relationship: /xl/worksheets/_rels/sheet1.xml.rels
17:13:51.734 [main] DEBUG - Parsing relationship: /_rels/.rels
17:13:51.754 [main] DEBUG - using default POIXMLDocumentPart for http://schemas.openxmlformats.org/officeDocument/2006/relationships/printerSettings
17:14:06.706 [main] INFO  - Go to my account-->Click on Login.. 
17:14:07.343 [main] DEBUG - Parsing relationship: /xl/_rels/workbook.xml.rels
17:14:07.345 [main] DEBUG - Parsing relationship: /xl/worksheets/_rels/sheet1.xml.rels
17:14:07.347 [main] DEBUG - Parsing relationship: /_rels/.rels
17:14:07.373 [main] DEBUG - using default POIXMLDocumentPart for http://schemas.openxmlformats.org/officeDocument/2006/relationships/printerSettings
19:03:31.510 [main] INFO  - Go to my account-->Click on Login.. 
19:03:32.277 [main] DEBUG - Parsing relationship: /xl/_rels/workbook.xml.rels
19:03:32.281 [main] DEBUG - Parsing relationship: /xl/worksheets/_rels/sheet1.xml.rels
19:03:32.283 [main] DEBUG - Parsing relationship: /_rels/.rels
19:03:32.452 [main] TRACE - Loading type system org.apache.poi.schemas.ooxml.system.ooxml
19:03:32.454 [main] TRACE - Loading type system org.apache.xmlbeans.metadata.system.sXMLCONFIG
19:03:32.455 [main] TRACE - Loading type system org.apache.xmlbeans.metadata.system.sXMLLANG
19:03:32.456 [main] TRACE - Loading type system org.apache.xmlbeans.metadata.system.sXMLSCHEMA
19:03:32.457 [main] TRACE - Loading type system org.apache.xmlbeans.metadata.system.sXMLTOOLS
19:03:32.458 [main] TRACE - Reading unresolved handles for type system org.apache.xmlbeans.metadata.system.sXMLTOOLS
19:03:32.469 [main] TRACE - Finished loading type system org.apache.xmlbeans.metadata.system.sXMLTOOLS
19:03:32.469 [main] TRACE - Reading unresolved handles for type system org.apache.xmlbeans.metadata.system.sXMLSCHEMA
19:03:32.475 [main] TRACE - Finished loading type system org.apache.xmlbeans.metadata.system.sXMLSCHEMA
19:03:32.475 [main] TRACE - Reading unresolved handles for type system org.apache.xmlbeans.metadata.system.sXMLLANG
19:03:32.476 [main] TRACE - Finished loading type system org.apache.xmlbeans.metadata.system.sXMLLANG
19:03:32.477 [main] TRACE - Reading unresolved handles for type system org.apache.xmlbeans.metadata.system.sXMLCONFIG
19:03:32.478 [main] TRACE - Finished loading type system org.apache.xmlbeans.metadata.system.sXMLCONFIG
19:03:32.479 [main] TRACE - Reading unresolved handles for type system org.apache.poi.schemas.ooxml.system.ooxml
19:03:32.543 [main] TRACE - Finished loading type system org.apache.poi.schemas.ooxml.system.ooxml
19:03:32.544 [main] TRACE - Resolving type for handle themefd26doctype
19:03:32.599 [main] TRACE - Resolving type for handle stylesheet5d8bdoctype
19:03:32.605 [main] TRACE - Resolving type for handle ctstylesheet4257type
19:03:32.611 [main] TRACE - Resolving type for handle ctfonts6623type
19:03:32.614 [main] TRACE - Resolving type for handle ctfont14d8type
19:03:32.622 [main] TRACE - Resolving type for handle ctfills2c6ftype
19:03:32.625 [main] TRACE - Resolving type for handle ctfill550ctype
19:03:32.628 [main] TRACE - Resolving type for handle ctborders0d66type
19:03:32.632 [main] TRACE - Resolving type for handle ctborderf935type
19:03:32.636 [main] TRACE - Resolving type for handle ctcellxfs1322type
19:03:32.640 [main] TRACE - Resolving type for handle ctxf97f7type
19:03:32.645 [main] TRACE - Resolving type for handle ctcellstylexfsa81ftype
19:03:32.647 [main] TRACE - Resolving type for handle ctdxfsb26atype
19:03:32.650 [main] TRACE - Resolving type for handle cttablestyles872ftype
19:03:32.678 [main] TRACE - Resolving type for handle sstf81fdoctype
19:03:32.701 [main] TRACE - Resolving type for handle ctsst44f3type
19:03:32.710 [main] TRACE - Resolving type for handle ctrsta472type
19:03:32.726 [main] DEBUG - using default POIXMLDocumentPart for http://schemas.openxmlformats.org/officeDocument/2006/relationships/printerSettings
19:03:32.727 [main] TRACE - Resolving type for handle workbookec17doctype
19:03:32.733 [main] TRACE - Resolving type for handle ctworkbook83c3type
19:03:32.740 [main] TRACE - Resolving type for handle ctsheets49fdtype
19:03:32.742 [main] TRACE - Resolving type for handle ctsheet4dbetype
19:03:32.744 [main] TRACE - Resolving type for handle strelationshipid1e94type
19:03:32.747 [main] TRACE - Resolving type for handle worksheetf539doctype
19:03:32.753 [main] TRACE - Resolving type for handle ctworksheet530dtype
19:03:32.765 [main] TRACE - Resolving type for handle ctcols627ctype
19:03:32.771 [main] TRACE - Resolving type for handle ctcola95ftype
19:03:32.789 [main] TRACE - Resolving type for handle ctsheetdata8408type
19:03:32.791 [main] TRACE - Resolving type for handle ctrowdd39type
19:03:32.796 [main] TRACE - Resolving type for handle ctcell842btype
19:03:32.801 [main] TRACE - Resolving type for handle stcellrefe4e0type
19:03:32.806 [main] TRACE - Resolving type for handle cthyperlinks6416type
19:03:32.808 [main] TRACE - Resolving type for handle cthyperlink0c85type
19:03:32.814 [main] TRACE - Resolving type for handle stxstringf179type
19:03:32.816 [main] TRACE - Resolving type for handle stcelltypebf95type
19:03:39.687 [main] INFO  - Go to my account-->Click on Login.. 
19:03:40.368 [main] DEBUG - Parsing relationship: /xl/_rels/workbook.xml.rels
19:03:40.373 [main] DEBUG - Parsing relationship: /xl/worksheets/_rels/sheet1.xml.rels
19:03:40.376 [main] DEBUG - Parsing relationship: /_rels/.rels
19:03:40.411 [main] DEBUG - using default POIXMLDocumentPart for http://schemas.openxmlformats.org/officeDocument/2006/relationships/printerSettings
19:03:55.317 [main] INFO  - Go to my account-->Click on Login.. 
19:03:55.910 [main] DEBUG - Parsing relationship: /xl/_rels/workbook.xml.rels
19:03:55.912 [main] DEBUG - Parsing relationship: /xl/worksheets/_rels/sheet1.xml.rels
19:03:55.918 [main] DEBUG - Parsing relationship: /_rels/.rels
19:03:55.941 [main] DEBUG - using default POIXMLDocumentPart for http://schemas.openxmlformats.org/officeDocument/2006/relationships/printerSettings
19:04:01.768 [main] INFO  - Go to my account-->Click on Login.. 
19:04:02.380 [main] DEBUG - Parsing relationship: /xl/_rels/workbook.xml.rels
19:04:02.384 [main] DEBUG - Parsing relationship: /xl/worksheets/_rels/sheet1.xml.rels
19:04:02.388 [main] DEBUG - Parsing relationship: /_rels/.rels
19:04:02.408 [main] DEBUG - using default POIXMLDocumentPart for http://schemas.openxmlformats.org/officeDocument/2006/relationships/printerSettings
19:04:16.523 [main] INFO  - Go to my account-->Click on Login.. 
19:04:17.141 [main] DEBUG - Parsing relationship: /xl/_rels/workbook.xml.rels
19:04:17.144 [main] DEBUG - Parsing relationship: /xl/worksheets/_rels/sheet1.xml.rels
19:04:17.147 [main] DEBUG - Parsing relationship: /_rels/.rels
19:04:17.171 [main] DEBUG - using default POIXMLDocumentPart for http://schemas.openxmlformats.org/officeDocument/2006/relationships/printerSettings
19:04:23.081 [main] INFO  - Go to my account-->Click on Login.. 
19:04:23.703 [main] DEBUG - Parsing relationship: /xl/_rels/workbook.xml.rels
19:04:23.705 [main] DEBUG - Parsing relationship: /xl/worksheets/_rels/sheet1.xml.rels
19:04:23.711 [main] DEBUG - Parsing relationship: /_rels/.rels
19:04:23.724 [main] DEBUG - using default POIXMLDocumentPart for http://schemas.openxmlformats.org/officeDocument/2006/relationships/printerSettings
19:06:54.062 [main] INFO  - Go to my account-->Click on Login.. 
19:06:54.838 [main] DEBUG - Parsing relationship: /xl/_rels/workbook.xml.rels
19:06:54.841 [main] DEBUG - Parsing relationship: /xl/worksheets/_rels/sheet1.xml.rels
19:06:54.843 [main] DEBUG - Parsing relationship: /_rels/.rels
19:06:55.013 [main] TRACE - Loading type system org.apache.poi.schemas.ooxml.system.ooxml
19:06:55.016 [main] TRACE - Loading type system org.apache.xmlbeans.metadata.system.sXMLCONFIG
19:06:55.017 [main] TRACE - Loading type system org.apache.xmlbeans.metadata.system.sXMLLANG
19:06:55.018 [main] TRACE - Loading type system org.apache.xmlbeans.metadata.system.sXMLSCHEMA
19:06:55.019 [main] TRACE - Loading type system org.apache.xmlbeans.metadata.system.sXMLTOOLS
19:06:55.021 [main] TRACE - Reading unresolved handles for type system org.apache.xmlbeans.metadata.system.sXMLTOOLS
19:06:55.034 [main] TRACE - Finished loading type system org.apache.xmlbeans.metadata.system.sXMLTOOLS
19:06:55.034 [main] TRACE - Reading unresolved handles for type system org.apache.xmlbeans.metadata.system.sXMLSCHEMA
19:06:55.040 [main] TRACE - Finished loading type system org.apache.xmlbeans.metadata.system.sXMLSCHEMA
19:06:55.042 [main] TRACE - Reading unresolved handles for type system org.apache.xmlbeans.metadata.system.sXMLLANG
19:06:55.043 [main] TRACE - Finished loading type system org.apache.xmlbeans.metadata.system.sXMLLANG
19:06:55.045 [main] TRACE - Reading unresolved handles for type system org.apache.xmlbeans.metadata.system.sXMLCONFIG
19:06:55.045 [main] TRACE - Finished loading type system org.apache.xmlbeans.metadata.system.sXMLCONFIG
19:06:55.046 [main] TRACE - Reading unresolved handles for type system org.apache.poi.schemas.ooxml.system.ooxml
19:06:55.111 [main] TRACE - Finished loading type system org.apache.poi.schemas.ooxml.system.ooxml
19:06:55.112 [main] TRACE - Resolving type for handle themefd26doctype
19:06:55.173 [main] TRACE - Resolving type for handle stylesheet5d8bdoctype
19:06:55.183 [main] TRACE - Resolving type for handle ctstylesheet4257type
19:06:55.187 [main] TRACE - Resolving type for handle ctfonts6623type
19:06:55.191 [main] TRACE - Resolving type for handle ctfont14d8type
19:06:55.200 [main] TRACE - Resolving type for handle ctfills2c6ftype
19:06:55.204 [main] TRACE - Resolving type for handle ctfill550ctype
19:06:55.206 [main] TRACE - Resolving type for handle ctborders0d66type
19:06:55.209 [main] TRACE - Resolving type for handle ctborderf935type
19:06:55.213 [main] TRACE - Resolving type for handle ctcellxfs1322type
19:06:55.216 [main] TRACE - Resolving type for handle ctxf97f7type
19:06:55.220 [main] TRACE - Resolving type for handle ctcellstylexfsa81ftype
19:06:55.223 [main] TRACE - Resolving type for handle ctdxfsb26atype
19:06:55.226 [main] TRACE - Resolving type for handle cttablestyles872ftype
19:06:55.231 [main] TRACE - Resolving type for handle sstf81fdoctype
19:06:55.236 [main] TRACE - Resolving type for handle ctsst44f3type
19:06:55.270 [main] TRACE - Resolving type for handle ctrsta472type
19:06:55.303 [main] DEBUG - using default POIXMLDocumentPart for http://schemas.openxmlformats.org/officeDocument/2006/relationships/printerSettings
19:06:55.304 [main] TRACE - Resolving type for handle workbookec17doctype
19:06:55.310 [main] TRACE - Resolving type for handle ctworkbook83c3type
19:06:55.316 [main] TRACE - Resolving type for handle ctsheets49fdtype
19:06:55.319 [main] TRACE - Resolving type for handle ctsheet4dbetype
19:06:55.322 [main] TRACE - Resolving type for handle strelationshipid1e94type
19:06:55.325 [main] TRACE - Resolving type for handle worksheetf539doctype
19:06:55.333 [main] TRACE - Resolving type for handle ctworksheet530dtype
19:06:55.348 [main] TRACE - Resolving type for handle ctcols627ctype
19:06:55.354 [main] TRACE - Resolving type for handle ctcola95ftype
19:06:55.377 [main] TRACE - Resolving type for handle ctsheetdata8408type
19:06:55.380 [main] TRACE - Resolving type for handle ctrowdd39type
19:06:55.384 [main] TRACE - Resolving type for handle ctcell842btype
19:06:55.390 [main] TRACE - Resolving type for handle stcellrefe4e0type
19:06:55.395 [main] TRACE - Resolving type for handle cthyperlinks6416type
19:06:55.397 [main] TRACE - Resolving type for handle cthyperlink0c85type
19:06:55.404 [main] TRACE - Resolving type for handle stxstringf179type
19:06:55.412 [main] TRACE - Resolving type for handle stcelltypebf95type
19:07:08.945 [main] INFO  - Go to my account-->Click on Login.. 
19:07:09.700 [main] DEBUG - Parsing relationship: /xl/_rels/workbook.xml.rels
19:07:09.702 [main] DEBUG - Parsing relationship: /xl/worksheets/_rels/sheet1.xml.rels
19:07:09.706 [main] DEBUG - Parsing relationship: /_rels/.rels
19:07:09.733 [main] DEBUG - using default POIXMLDocumentPart for http://schemas.openxmlformats.org/officeDocument/2006/relationships/printerSettings
19:07:15.831 [main] INFO  - Go to my account-->Click on Login.. 
19:07:16.509 [main] DEBUG - Parsing relationship: /xl/_rels/workbook.xml.rels
19:07:16.511 [main] DEBUG - Parsing relationship: /xl/worksheets/_rels/sheet1.xml.rels
19:07:16.513 [main] DEBUG - Parsing relationship: /_rels/.rels
19:07:16.530 [main] DEBUG - using default POIXMLDocumentPart for http://schemas.openxmlformats.org/officeDocument/2006/relationships/printerSettings
19:07:31.560 [main] INFO  - Go to my account-->Click on Login.. 
19:07:32.200 [main] DEBUG - Parsing relationship: /xl/_rels/workbook.xml.rels
19:07:32.202 [main] DEBUG - Parsing relationship: /xl/worksheets/_rels/sheet1.xml.rels
19:07:32.204 [main] DEBUG - Parsing relationship: /_rels/.rels
19:07:32.230 [main] DEBUG - using default POIXMLDocumentPart for http://schemas.openxmlformats.org/officeDocument/2006/relationships/printerSettings
19:07:38.273 [main] INFO  - Go to my account-->Click on Login.. 
19:07:38.878 [main] DEBUG - Parsing relationship: /xl/_rels/workbook.xml.rels
19:07:38.880 [main] DEBUG - Parsing relationship: /xl/worksheets/_rels/sheet1.xml.rels
19:07:38.881 [main] DEBUG - Parsing relationship: /_rels/.rels
19:07:38.905 [main] DEBUG - using default POIXMLDocumentPart for http://schemas.openxmlformats.org/officeDocument/2006/relationships/printerSettings
19:26:17.314 [main] INFO  - Go to my account-->Click on Login.. 
19:26:18.090 [main] DEBUG - Parsing relationship: /xl/_rels/workbook.xml.rels
19:26:18.094 [main] DEBUG - Parsing relationship: /xl/worksheets/_rels/sheet1.xml.rels
19:26:18.096 [main] DEBUG - Parsing relationship: /_rels/.rels
19:26:18.265 [main] TRACE - Loading type system org.apache.poi.schemas.ooxml.system.ooxml
19:26:18.268 [main] TRACE - Loading type system org.apache.xmlbeans.metadata.system.sXMLCONFIG
19:26:18.269 [main] TRACE - Loading type system org.apache.xmlbeans.metadata.system.sXMLLANG
19:26:18.269 [main] TRACE - Loading type system org.apache.xmlbeans.metadata.system.sXMLSCHEMA
19:26:18.270 [main] TRACE - Loading type system org.apache.xmlbeans.metadata.system.sXMLTOOLS
19:26:18.271 [main] TRACE - Reading unresolved handles for type system org.apache.xmlbeans.metadata.system.sXMLTOOLS
19:26:18.282 [main] TRACE - Finished loading type system org.apache.xmlbeans.metadata.system.sXMLTOOLS
19:26:18.283 [main] TRACE - Reading unresolved handles for type system org.apache.xmlbeans.metadata.system.sXMLSCHEMA
19:26:18.289 [main] TRACE - Finished loading type system org.apache.xmlbeans.metadata.system.sXMLSCHEMA
19:26:18.290 [main] TRACE - Reading unresolved handles for type system org.apache.xmlbeans.metadata.system.sXMLLANG
19:26:18.291 [main] TRACE - Finished loading type system org.apache.xmlbeans.metadata.system.sXMLLANG
19:26:18.292 [main] TRACE - Reading unresolved handles for type system org.apache.xmlbeans.metadata.system.sXMLCONFIG
19:26:18.293 [main] TRACE - Finished loading type system org.apache.xmlbeans.metadata.system.sXMLCONFIG
19:26:18.294 [main] TRACE - Reading unresolved handles for type system org.apache.poi.schemas.ooxml.system.ooxml
19:26:18.364 [main] TRACE - Finished loading type system org.apache.poi.schemas.ooxml.system.ooxml
19:26:18.364 [main] TRACE - Resolving type for handle themefd26doctype
19:26:18.425 [main] TRACE - Resolving type for handle stylesheet5d8bdoctype
19:26:18.432 [main] TRACE - Resolving type for handle ctstylesheet4257type
19:26:18.437 [main] TRACE - Resolving type for handle ctfonts6623type
19:26:18.441 [main] TRACE - Resolving type for handle ctfont14d8type
19:26:18.448 [main] TRACE - Resolving type for handle ctfills2c6ftype
19:26:18.451 [main] TRACE - Resolving type for handle ctfill550ctype
19:26:18.453 [main] TRACE - Resolving type for handle ctborders0d66type
19:26:18.456 [main] TRACE - Resolving type for handle ctborderf935type
19:26:18.460 [main] TRACE - Resolving type for handle ctcellxfs1322type
19:26:18.463 [main] TRACE - Resolving type for handle ctxf97f7type
19:26:18.467 [main] TRACE - Resolving type for handle ctcellstylexfsa81ftype
19:26:18.469 [main] TRACE - Resolving type for handle ctdxfsb26atype
19:26:18.472 [main] TRACE - Resolving type for handle cttablestyles872ftype
19:26:18.476 [main] TRACE - Resolving type for handle sstf81fdoctype
19:26:18.482 [main] TRACE - Resolving type for handle ctsst44f3type
19:26:18.520 [main] TRACE - Resolving type for handle ctrsta472type
19:26:18.555 [main] DEBUG - using default POIXMLDocumentPart for http://schemas.openxmlformats.org/officeDocument/2006/relationships/printerSettings
19:26:18.556 [main] TRACE - Resolving type for handle workbookec17doctype
19:26:18.571 [main] TRACE - Resolving type for handle ctworkbook83c3type
19:26:18.577 [main] TRACE - Resolving type for handle ctsheets49fdtype
19:26:18.579 [main] TRACE - Resolving type for handle ctsheet4dbetype
19:26:18.581 [main] TRACE - Resolving type for handle strelationshipid1e94type
19:26:18.584 [main] TRACE - Resolving type for handle worksheetf539doctype
19:26:18.591 [main] TRACE - Resolving type for handle ctworksheet530dtype
19:26:18.599 [main] TRACE - Resolving type for handle ctcols627ctype
19:26:18.604 [main] TRACE - Resolving type for handle ctcola95ftype
19:26:18.621 [main] TRACE - Resolving type for handle ctsheetdata8408type
19:26:18.624 [main] TRACE - Resolving type for handle ctrowdd39type
19:26:18.628 [main] TRACE - Resolving type for handle ctcell842btype
19:26:18.634 [main] TRACE - Resolving type for handle stcellrefe4e0type
19:26:18.639 [main] TRACE - Resolving type for handle cthyperlinks6416type
19:26:18.641 [main] TRACE - Resolving type for handle cthyperlink0c85type
19:26:18.646 [main] TRACE - Resolving type for handle stxstringf179type
19:26:18.649 [main] TRACE - Resolving type for handle stcelltypebf95type
19:26:25.291 [main] INFO  - Go to my account-->Click on Login.. 
19:26:25.950 [main] DEBUG - Parsing relationship: /xl/_rels/workbook.xml.rels
19:26:25.952 [main] DEBUG - Parsing relationship: /xl/worksheets/_rels/sheet1.xml.rels
19:26:25.958 [main] DEBUG - Parsing relationship: /_rels/.rels
19:26:25.991 [main] DEBUG - using default POIXMLDocumentPart for http://schemas.openxmlformats.org/officeDocument/2006/relationships/printerSettings
19:26:40.228 [main] INFO  - Go to my account-->Click on Login.. 
19:26:40.861 [main] DEBUG - Parsing relationship: /xl/_rels/workbook.xml.rels
19:26:40.872 [main] DEBUG - Parsing relationship: /xl/worksheets/_rels/sheet1.xml.rels
19:26:40.881 [main] DEBUG - Parsing relationship: /_rels/.rels
19:26:40.900 [main] DEBUG - using default POIXMLDocumentPart for http://schemas.openxmlformats.org/officeDocument/2006/relationships/printerSettings
19:26:46.939 [main] INFO  - Go to my account-->Click on Login.. 
19:26:47.563 [main] DEBUG - Parsing relationship: /xl/_rels/workbook.xml.rels
19:26:47.564 [main] DEBUG - Parsing relationship: /xl/worksheets/_rels/sheet1.xml.rels
19:26:47.570 [main] DEBUG - Parsing relationship: /_rels/.rels
19:26:47.596 [main] DEBUG - using default POIXMLDocumentPart for http://schemas.openxmlformats.org/officeDocument/2006/relationships/printerSettings
19:27:02.509 [main] INFO  - Go to my account-->Click on Login.. 
19:27:03.257 [main] DEBUG - Parsing relationship: /xl/_rels/workbook.xml.rels
19:27:03.260 [main] DEBUG - Parsing relationship: /xl/worksheets/_rels/sheet1.xml.rels
19:27:03.265 [main] DEBUG - Parsing relationship: /_rels/.rels
19:27:03.289 [main] DEBUG - using default POIXMLDocumentPart for http://schemas.openxmlformats.org/officeDocument/2006/relationships/printerSettings
19:27:09.225 [main] INFO  - Go to my account-->Click on Login.. 
19:27:09.926 [main] DEBUG - Parsing relationship: /xl/_rels/workbook.xml.rels
19:27:09.930 [main] DEBUG - Parsing relationship: /xl/worksheets/_rels/sheet1.xml.rels
19:27:09.933 [main] DEBUG - Parsing relationship: /_rels/.rels
19:27:09.957 [main] DEBUG - using default POIXMLDocumentPart for http://schemas.openxmlformats.org/officeDocument/2006/relationships/printerSettings
19:36:04.505 [main] INFO  - Go to my account-->Click on Login.. 
19:36:05.266 [main] DEBUG - Parsing relationship: /xl/_rels/workbook.xml.rels
19:36:05.270 [main] DEBUG - Parsing relationship: /xl/worksheets/_rels/sheet1.xml.rels
19:36:05.273 [main] DEBUG - Parsing relationship: /_rels/.rels
19:36:05.451 [main] TRACE - Loading type system org.apache.poi.schemas.ooxml.system.ooxml
19:36:05.454 [main] TRACE - Loading type system org.apache.xmlbeans.metadata.system.sXMLCONFIG
19:36:05.455 [main] TRACE - Loading type system org.apache.xmlbeans.metadata.system.sXMLLANG
19:36:05.456 [main] TRACE - Loading type system org.apache.xmlbeans.metadata.system.sXMLSCHEMA
19:36:05.456 [main] TRACE - Loading type system org.apache.xmlbeans.metadata.system.sXMLTOOLS
19:36:05.457 [main] TRACE - Reading unresolved handles for type system org.apache.xmlbeans.metadata.system.sXMLTOOLS
19:36:05.470 [main] TRACE - Finished loading type system org.apache.xmlbeans.metadata.system.sXMLTOOLS
19:36:05.471 [main] TRACE - Reading unresolved handles for type system org.apache.xmlbeans.metadata.system.sXMLSCHEMA
19:36:05.476 [main] TRACE - Finished loading type system org.apache.xmlbeans.metadata.system.sXMLSCHEMA
19:36:05.477 [main] TRACE - Reading unresolved handles for type system org.apache.xmlbeans.metadata.system.sXMLLANG
19:36:05.479 [main] TRACE - Finished loading type system org.apache.xmlbeans.metadata.system.sXMLLANG
19:36:05.481 [main] TRACE - Reading unresolved handles for type system org.apache.xmlbeans.metadata.system.sXMLCONFIG
19:36:05.482 [main] TRACE - Finished loading type system org.apache.xmlbeans.metadata.system.sXMLCONFIG
19:36:05.482 [main] TRACE - Reading unresolved handles for type system org.apache.poi.schemas.ooxml.system.ooxml
19:36:05.551 [main] TRACE - Finished loading type system org.apache.poi.schemas.ooxml.system.ooxml
19:36:05.552 [main] TRACE - Resolving type for handle themefd26doctype
19:36:05.608 [main] TRACE - Resolving type for handle stylesheet5d8bdoctype
19:36:05.622 [main] TRACE - Resolving type for handle ctstylesheet4257type
19:36:05.626 [main] TRACE - Resolving type for handle ctfonts6623type
19:36:05.629 [main] TRACE - Resolving type for handle ctfont14d8type
19:36:05.637 [main] TRACE - Resolving type for handle ctfills2c6ftype
19:36:05.640 [main] TRACE - Resolving type for handle ctfill550ctype
19:36:05.643 [main] TRACE - Resolving type for handle ctborders0d66type
19:36:05.646 [main] TRACE - Resolving type for handle ctborderf935type
19:36:05.651 [main] TRACE - Resolving type for handle ctcellxfs1322type
19:36:05.654 [main] TRACE - Resolving type for handle ctxf97f7type
19:36:05.660 [main] TRACE - Resolving type for handle ctcellstylexfsa81ftype
19:36:05.662 [main] TRACE - Resolving type for handle ctdxfsb26atype
19:36:05.665 [main] TRACE - Resolving type for handle cttablestyles872ftype
19:36:05.698 [main] TRACE - Resolving type for handle sstf81fdoctype
19:36:05.718 [main] TRACE - Resolving type for handle ctsst44f3type
19:36:05.729 [main] TRACE - Resolving type for handle ctrsta472type
19:36:05.752 [main] DEBUG - using default POIXMLDocumentPart for http://schemas.openxmlformats.org/officeDocument/2006/relationships/printerSettings
19:36:05.753 [main] TRACE - Resolving type for handle workbookec17doctype
19:36:05.760 [main] TRACE - Resolving type for handle ctworkbook83c3type
19:36:05.766 [main] TRACE - Resolving type for handle ctsheets49fdtype
19:36:05.769 [main] TRACE - Resolving type for handle ctsheet4dbetype
19:36:05.770 [main] TRACE - Resolving type for handle strelationshipid1e94type
19:36:05.773 [main] TRACE - Resolving type for handle worksheetf539doctype
19:36:05.778 [main] TRACE - Resolving type for handle ctworksheet530dtype
19:36:05.789 [main] TRACE - Resolving type for handle ctcols627ctype
19:36:05.794 [main] TRACE - Resolving type for handle ctcola95ftype
19:36:05.811 [main] TRACE - Resolving type for handle ctsheetdata8408type
19:36:05.814 [main] TRACE - Resolving type for handle ctrowdd39type
19:36:05.819 [main] TRACE - Resolving type for handle ctcell842btype
19:36:05.825 [main] TRACE - Resolving type for handle stcellrefe4e0type
19:36:05.831 [main] TRACE - Resolving type for handle cthyperlinks6416type
19:36:05.834 [main] TRACE - Resolving type for handle cthyperlink0c85type
19:36:05.840 [main] TRACE - Resolving type for handle stxstringf179type
19:36:05.843 [main] TRACE - Resolving type for handle stcelltypebf95type
19:36:12.078 [main] INFO  - Go to my account-->Click on Login.. 
19:36:12.695 [main] DEBUG - Parsing relationship: /xl/_rels/workbook.xml.rels
19:36:12.703 [main] DEBUG - Parsing relationship: /xl/worksheets/_rels/sheet1.xml.rels
19:36:12.705 [main] DEBUG - Parsing relationship: /_rels/.rels
19:36:12.734 [main] DEBUG - using default POIXMLDocumentPart for http://schemas.openxmlformats.org/officeDocument/2006/relationships/printerSettings
19:36:26.776 [main] INFO  - Go to my account-->Click on Login.. 
19:36:27.413 [main] DEBUG - Parsing relationship: /xl/_rels/workbook.xml.rels
19:36:27.417 [main] DEBUG - Parsing relationship: /xl/worksheets/_rels/sheet1.xml.rels
19:36:27.419 [main] DEBUG - Parsing relationship: /_rels/.rels
19:36:27.440 [main] DEBUG - using default POIXMLDocumentPart for http://schemas.openxmlformats.org/officeDocument/2006/relationships/printerSettings
19:36:33.562 [main] INFO  - Go to my account-->Click on Login.. 
19:36:34.180 [main] DEBUG - Parsing relationship: /xl/_rels/workbook.xml.rels
19:36:34.182 [main] DEBUG - Parsing relationship: /xl/worksheets/_rels/sheet1.xml.rels
19:36:34.184 [main] DEBUG - Parsing relationship: /_rels/.rels
19:36:34.204 [main] DEBUG - using default POIXMLDocumentPart for http://schemas.openxmlformats.org/officeDocument/2006/relationships/printerSettings
19:36:49.067 [main] INFO  - Go to my account-->Click on Login.. 
19:36:49.720 [main] DEBUG - Parsing relationship: /xl/_rels/workbook.xml.rels
19:36:49.722 [main] DEBUG - Parsing relationship: /xl/worksheets/_rels/sheet1.xml.rels
19:36:49.726 [main] DEBUG - Parsing relationship: /_rels/.rels
19:36:49.751 [main] DEBUG - using default POIXMLDocumentPart for http://schemas.openxmlformats.org/officeDocument/2006/relationships/printerSettings
19:36:55.476 [main] INFO  - Go to my account-->Click on Login.. 
19:36:56.117 [main] DEBUG - Parsing relationship: /xl/_rels/workbook.xml.rels
19:36:56.120 [main] DEBUG - Parsing relationship: /xl/worksheets/_rels/sheet1.xml.rels
19:36:56.121 [main] DEBUG - Parsing relationship: /_rels/.rels
19:36:56.133 [main] DEBUG - using default POIXMLDocumentPart for http://schemas.openxmlformats.org/officeDocument/2006/relationships/printerSettings
19:45:20.441 [main] INFO  - Go to my account-->Click on Login.. 
19:45:21.193 [main] DEBUG - Parsing relationship: /xl/_rels/workbook.xml.rels
19:45:21.196 [main] DEBUG - Parsing relationship: /xl/worksheets/_rels/sheet1.xml.rels
19:45:21.198 [main] DEBUG - Parsing relationship: /_rels/.rels
19:45:21.372 [main] TRACE - Loading type system org.apache.poi.schemas.ooxml.system.ooxml
19:45:21.375 [main] TRACE - Loading type system org.apache.xmlbeans.metadata.system.sXMLCONFIG
19:45:21.377 [main] TRACE - Loading type system org.apache.xmlbeans.metadata.system.sXMLLANG
19:45:21.377 [main] TRACE - Loading type system org.apache.xmlbeans.metadata.system.sXMLSCHEMA
19:45:21.378 [main] TRACE - Loading type system org.apache.xmlbeans.metadata.system.sXMLTOOLS
19:45:21.379 [main] TRACE - Reading unresolved handles for type system org.apache.xmlbeans.metadata.system.sXMLTOOLS
19:45:21.392 [main] TRACE - Finished loading type system org.apache.xmlbeans.metadata.system.sXMLTOOLS
19:45:21.393 [main] TRACE - Reading unresolved handles for type system org.apache.xmlbeans.metadata.system.sXMLSCHEMA
19:45:21.400 [main] TRACE - Finished loading type system org.apache.xmlbeans.metadata.system.sXMLSCHEMA
19:45:21.401 [main] TRACE - Reading unresolved handles for type system org.apache.xmlbeans.metadata.system.sXMLLANG
19:45:21.402 [main] TRACE - Finished loading type system org.apache.xmlbeans.metadata.system.sXMLLANG
19:45:21.403 [main] TRACE - Reading unresolved handles for type system org.apache.xmlbeans.metadata.system.sXMLCONFIG
19:45:21.404 [main] TRACE - Finished loading type system org.apache.xmlbeans.metadata.system.sXMLCONFIG
19:45:21.405 [main] TRACE - Reading unresolved handles for type system org.apache.poi.schemas.ooxml.system.ooxml
19:45:21.475 [main] TRACE - Finished loading type system org.apache.poi.schemas.ooxml.system.ooxml
19:45:21.476 [main] TRACE - Resolving type for handle themefd26doctype
19:45:21.539 [main] TRACE - Resolving type for handle stylesheet5d8bdoctype
19:45:21.547 [main] TRACE - Resolving type for handle ctstylesheet4257type
19:45:21.552 [main] TRACE - Resolving type for handle ctfonts6623type
19:45:21.556 [main] TRACE - Resolving type for handle ctfont14d8type
19:45:21.564 [main] TRACE - Resolving type for handle ctfills2c6ftype
19:45:21.567 [main] TRACE - Resolving type for handle ctfill550ctype
19:45:21.569 [main] TRACE - Resolving type for handle ctborders0d66type
19:45:21.572 [main] TRACE - Resolving type for handle ctborderf935type
19:45:21.577 [main] TRACE - Resolving type for handle ctcellxfs1322type
19:45:21.581 [main] TRACE - Resolving type for handle ctxf97f7type
19:45:21.587 [main] TRACE - Resolving type for handle ctcellstylexfsa81ftype
19:45:21.589 [main] TRACE - Resolving type for handle ctdxfsb26atype
19:45:21.592 [main] TRACE - Resolving type for handle cttablestyles872ftype
19:45:21.596 [main] TRACE - Resolving type for handle sstf81fdoctype
19:45:21.605 [main] TRACE - Resolving type for handle ctsst44f3type
19:45:21.617 [main] TRACE - Resolving type for handle ctrsta472type
19:45:21.673 [main] DEBUG - using default POIXMLDocumentPart for http://schemas.openxmlformats.org/officeDocument/2006/relationships/printerSettings
19:45:21.675 [main] TRACE - Resolving type for handle workbookec17doctype
19:45:21.682 [main] TRACE - Resolving type for handle ctworkbook83c3type
19:45:21.688 [main] TRACE - Resolving type for handle ctsheets49fdtype
19:45:21.691 [main] TRACE - Resolving type for handle ctsheet4dbetype
19:45:21.694 [main] TRACE - Resolving type for handle strelationshipid1e94type
19:45:21.696 [main] TRACE - Resolving type for handle worksheetf539doctype
19:45:21.704 [main] TRACE - Resolving type for handle ctworksheet530dtype
19:45:21.714 [main] TRACE - Resolving type for handle ctcols627ctype
19:45:21.719 [main] TRACE - Resolving type for handle ctcola95ftype
19:45:21.736 [main] TRACE - Resolving type for handle ctsheetdata8408type
19:45:21.739 [main] TRACE - Resolving type for handle ctrowdd39type
19:45:21.744 [main] TRACE - Resolving type for handle ctcell842btype
19:45:21.749 [main] TRACE - Resolving type for handle stcellrefe4e0type
19:45:21.754 [main] TRACE - Resolving type for handle cthyperlinks6416type
19:45:21.756 [main] TRACE - Resolving type for handle cthyperlink0c85type
19:45:21.762 [main] TRACE - Resolving type for handle stxstringf179type
19:45:21.765 [main] TRACE - Resolving type for handle stcelltypebf95type
19:45:28.046 [main] INFO  - Go to my account-->Click on Login.. 
19:45:28.668 [main] DEBUG - Parsing relationship: /xl/_rels/workbook.xml.rels
19:45:28.671 [main] DEBUG - Parsing relationship: /xl/worksheets/_rels/sheet1.xml.rels
19:45:28.673 [main] DEBUG - Parsing relationship: /_rels/.rels
19:45:28.716 [main] DEBUG - using default POIXMLDocumentPart for http://schemas.openxmlformats.org/officeDocument/2006/relationships/printerSettings
19:45:43.452 [main] INFO  - Go to my account-->Click on Login.. 
19:45:44.052 [main] DEBUG - Parsing relationship: /xl/_rels/workbook.xml.rels
19:45:44.054 [main] DEBUG - Parsing relationship: /xl/worksheets/_rels/sheet1.xml.rels
19:45:44.056 [main] DEBUG - Parsing relationship: /_rels/.rels
19:45:44.078 [main] DEBUG - using default POIXMLDocumentPart for http://schemas.openxmlformats.org/officeDocument/2006/relationships/printerSettings
19:45:49.938 [main] INFO  - Go to my account-->Click on Login.. 
19:45:50.560 [main] DEBUG - Parsing relationship: /xl/_rels/workbook.xml.rels
19:45:50.562 [main] DEBUG - Parsing relationship: /xl/worksheets/_rels/sheet1.xml.rels
19:45:50.568 [main] DEBUG - Parsing relationship: /_rels/.rels
19:45:50.588 [main] DEBUG - using default POIXMLDocumentPart for http://schemas.openxmlformats.org/officeDocument/2006/relationships/printerSettings
19:53:24.076 [main] INFO  - Go to my account-->Click on Login.. 
19:53:24.914 [main] DEBUG - Parsing relationship: /xl/_rels/workbook.xml.rels
19:53:24.918 [main] DEBUG - Parsing relationship: /xl/worksheets/_rels/sheet1.xml.rels
19:53:24.921 [main] DEBUG - Parsing relationship: /_rels/.rels
19:53:25.144 [main] TRACE - Loading type system org.apache.poi.schemas.ooxml.system.ooxml
19:53:25.147 [main] TRACE - Loading type system org.apache.xmlbeans.metadata.system.sXMLCONFIG
19:53:25.148 [main] TRACE - Loading type system org.apache.xmlbeans.metadata.system.sXMLLANG
19:53:25.149 [main] TRACE - Loading type system org.apache.xmlbeans.metadata.system.sXMLSCHEMA
19:53:25.150 [main] TRACE - Loading type system org.apache.xmlbeans.metadata.system.sXMLTOOLS
19:53:25.151 [main] TRACE - Reading unresolved handles for type system org.apache.xmlbeans.metadata.system.sXMLTOOLS
19:53:25.164 [main] TRACE - Finished loading type system org.apache.xmlbeans.metadata.system.sXMLTOOLS
19:53:25.165 [main] TRACE - Reading unresolved handles for type system org.apache.xmlbeans.metadata.system.sXMLSCHEMA
19:53:25.173 [main] TRACE - Finished loading type system org.apache.xmlbeans.metadata.system.sXMLSCHEMA
19:53:25.174 [main] TRACE - Reading unresolved handles for type system org.apache.xmlbeans.metadata.system.sXMLLANG
19:53:25.175 [main] TRACE - Finished loading type system org.apache.xmlbeans.metadata.system.sXMLLANG
19:53:25.176 [main] TRACE - Reading unresolved handles for type system org.apache.xmlbeans.metadata.system.sXMLCONFIG
19:53:25.177 [main] TRACE - Finished loading type system org.apache.xmlbeans.metadata.system.sXMLCONFIG
19:53:25.179 [main] TRACE - Reading unresolved handles for type system org.apache.poi.schemas.ooxml.system.ooxml
19:53:25.258 [main] TRACE - Finished loading type system org.apache.poi.schemas.ooxml.system.ooxml
19:53:25.259 [main] TRACE - Resolving type for handle themefd26doctype
19:53:25.331 [main] TRACE - Resolving type for handle stylesheet5d8bdoctype
19:53:25.340 [main] TRACE - Resolving type for handle ctstylesheet4257type
19:53:25.348 [main] TRACE - Resolving type for handle ctfonts6623type
19:53:25.351 [main] TRACE - Resolving type for handle ctfont14d8type
19:53:25.362 [main] TRACE - Resolving type for handle ctfills2c6ftype
19:53:25.367 [main] TRACE - Resolving type for handle ctfill550ctype
19:53:25.369 [main] TRACE - Resolving type for handle ctborders0d66type
19:53:25.373 [main] TRACE - Resolving type for handle ctborderf935type
19:53:25.378 [main] TRACE - Resolving type for handle ctcellxfs1322type
19:53:25.381 [main] TRACE - Resolving type for handle ctxf97f7type
19:53:25.386 [main] TRACE - Resolving type for handle ctcellstylexfsa81ftype
19:53:25.388 [main] TRACE - Resolving type for handle ctdxfsb26atype
19:53:25.399 [main] TRACE - Resolving type for handle cttablestyles872ftype
19:53:25.404 [main] TRACE - Resolving type for handle sstf81fdoctype
19:53:25.420 [main] TRACE - Resolving type for handle ctsst44f3type
19:53:25.438 [main] TRACE - Resolving type for handle ctrsta472type
19:53:25.465 [main] DEBUG - using default POIXMLDocumentPart for http://schemas.openxmlformats.org/officeDocument/2006/relationships/printerSettings
19:53:25.466 [main] TRACE - Resolving type for handle workbookec17doctype
19:53:25.473 [main] TRACE - Resolving type for handle ctworkbook83c3type
19:53:25.480 [main] TRACE - Resolving type for handle ctsheets49fdtype
19:53:25.483 [main] TRACE - Resolving type for handle ctsheet4dbetype
19:53:25.485 [main] TRACE - Resolving type for handle strelationshipid1e94type
19:53:25.489 [main] TRACE - Resolving type for handle worksheetf539doctype
19:53:25.499 [main] TRACE - Resolving type for handle ctworksheet530dtype
19:53:25.515 [main] TRACE - Resolving type for handle ctcols627ctype
19:53:25.522 [main] TRACE - Resolving type for handle ctcola95ftype
19:53:25.540 [main] TRACE - Resolving type for handle ctsheetdata8408type
19:53:25.544 [main] TRACE - Resolving type for handle ctrowdd39type
19:53:25.549 [main] TRACE - Resolving type for handle ctcell842btype
19:53:25.557 [main] TRACE - Resolving type for handle stcellrefe4e0type
19:53:25.563 [main] TRACE - Resolving type for handle cthyperlinks6416type
19:53:25.566 [main] TRACE - Resolving type for handle cthyperlink0c85type
19:53:25.575 [main] TRACE - Resolving type for handle stxstringf179type
19:53:25.578 [main] TRACE - Resolving type for handle stcelltypebf95type
19:53:31.909 [main] INFO  - Go to my account-->Click on Login.. 
19:53:32.544 [main] DEBUG - Parsing relationship: /xl/_rels/workbook.xml.rels
19:53:32.546 [main] DEBUG - Parsing relationship: /xl/worksheets/_rels/sheet1.xml.rels
19:53:32.547 [main] DEBUG - Parsing relationship: /_rels/.rels
19:53:32.564 [main] DEBUG - using default POIXMLDocumentPart for http://schemas.openxmlformats.org/officeDocument/2006/relationships/printerSettings
19:53:47.715 [main] INFO  - Go to my account-->Click on Login.. 
19:53:48.344 [main] DEBUG - Parsing relationship: /xl/_rels/workbook.xml.rels
19:53:48.346 [main] DEBUG - Parsing relationship: /xl/worksheets/_rels/sheet1.xml.rels
19:53:48.349 [main] DEBUG - Parsing relationship: /_rels/.rels
19:53:48.380 [main] DEBUG - using default POIXMLDocumentPart for http://schemas.openxmlformats.org/officeDocument/2006/relationships/printerSettings
19:53:54.169 [main] INFO  - Go to my account-->Click on Login.. 
19:53:54.814 [main] DEBUG - Parsing relationship: /xl/_rels/workbook.xml.rels
19:53:54.816 [main] DEBUG - Parsing relationship: /xl/worksheets/_rels/sheet1.xml.rels
19:53:54.820 [main] DEBUG - Parsing relationship: /_rels/.rels
19:53:54.849 [main] DEBUG - using default POIXMLDocumentPart for http://schemas.openxmlformats.org/officeDocument/2006/relationships/printerSettings
19:54:10.199 [main] INFO  - Go to my account-->Click on Login.. 
19:54:10.851 [main] DEBUG - Parsing relationship: /xl/_rels/workbook.xml.rels
19:54:10.868 [main] DEBUG - Parsing relationship: /xl/worksheets/_rels/sheet1.xml.rels
19:54:10.871 [main] DEBUG - Parsing relationship: /_rels/.rels
19:54:10.891 [main] DEBUG - using default POIXMLDocumentPart for http://schemas.openxmlformats.org/officeDocument/2006/relationships/printerSettings
20:09:28.099 [main] INFO  - Go to my account-->Click on Login.. 
20:09:28.783 [main] INFO  - Entering email and password.. 
20:09:29.222 [main] INFO  - clicked on login button...
20:17:24.913 [main] INFO  - Go to my account-->Click on Login.. 
20:17:25.528 [main] INFO  - Entering email and password.. 
20:17:25.954 [main] INFO  - clicked on login button...
20:20:45.987 [main] INFO  - Go to my account-->Click on Login.. 
20:20:46.646 [main] INFO  - Entering email and password.. 
20:20:48.191 [main] INFO  - clicked on login button...
11:55:32.839 [main] INFO  - Go to my account-->Click on Login.. 
11:55:33.896 [main] INFO  - Entering email and password.. 
11:55:35.325 [main] INFO  - clicked on login button...
12:06:09.165 [main] INFO  - Go to my account-->Click on Login.. 
12:06:09.762 [main] INFO  - Entering email and password.. 
12:06:11.012 [main] INFO  - clicked on login button...
13:59:12.844 [main] INFO  - Go to my account-->Click on Login.. 
13:59:13.476 [main] INFO  - Reading Excel test data for login (row: 1)
13:59:13.717 [main] DEBUG - Parsing relationship: /xl/_rels/workbook.xml.rels
13:59:13.721 [main] DEBUG - Parsing relationship: /xl/worksheets/_rels/sheet1.xml.rels
13:59:13.723 [main] DEBUG - Parsing relationship: /_rels/.rels
13:59:13.943 [main] TRACE - Loading type system org.apache.poi.schemas.ooxml.system.ooxml
13:59:13.948 [main] TRACE - Loading type system org.apache.xmlbeans.metadata.system.sXMLCONFIG
13:59:13.949 [main] TRACE - Loading type system org.apache.xmlbeans.metadata.system.sXMLLANG
13:59:13.950 [main] TRACE - Loading type system org.apache.xmlbeans.metadata.system.sXMLSCHEMA
13:59:13.951 [main] TRACE - Loading type system org.apache.xmlbeans.metadata.system.sXMLTOOLS
13:59:13.952 [main] TRACE - Reading unresolved handles for type system org.apache.xmlbeans.metadata.system.sXMLTOOLS
13:59:13.963 [main] TRACE - Finished loading type system org.apache.xmlbeans.metadata.system.sXMLTOOLS
13:59:13.964 [main] TRACE - Reading unresolved handles for type system org.apache.xmlbeans.metadata.system.sXMLSCHEMA
13:59:13.972 [main] TRACE - Finished loading type system org.apache.xmlbeans.metadata.system.sXMLSCHEMA
13:59:13.973 [main] TRACE - Reading unresolved handles for type system org.apache.xmlbeans.metadata.system.sXMLLANG
13:59:13.974 [main] TRACE - Finished loading type system org.apache.xmlbeans.metadata.system.sXMLLANG
13:59:13.976 [main] TRACE - Reading unresolved handles for type system org.apache.xmlbeans.metadata.system.sXMLCONFIG
13:59:13.977 [main] TRACE - Finished loading type system org.apache.xmlbeans.metadata.system.sXMLCONFIG
13:59:13.978 [main] TRACE - Reading unresolved handles for type system org.apache.poi.schemas.ooxml.system.ooxml
13:59:14.054 [main] TRACE - Finished loading type system org.apache.poi.schemas.ooxml.system.ooxml
13:59:14.055 [main] TRACE - Resolving type for handle themefd26doctype
13:59:14.128 [main] TRACE - Resolving type for handle stylesheet5d8bdoctype
13:59:14.135 [main] TRACE - Resolving type for handle ctstylesheet4257type
13:59:14.140 [main] TRACE - Resolving type for handle ctfonts6623type
13:59:14.150 [main] TRACE - Resolving type for handle ctfont14d8type
13:59:14.163 [main] TRACE - Resolving type for handle ctfills2c6ftype
13:59:14.166 [main] TRACE - Resolving type for handle ctfill550ctype
